# JRE version: OpenJDK Runtime Environment (8.0_202) (build 1.8.0_202-release-1483-b49-5587405)
# Java VM: OpenJDK 64-Bit Server VM (25.202-b49-5587405 mixed mode linux-amd64 compressed oops)
Heap:
 PSYoungGen      total 476672K, used 0K [0x00000000e0000000, 0x0000000100000000, 0x0000000100000000)
  eden space 429056K, 0% used [0x00000000e0000000,0x00000000e0000000,0x00000000fa300000)
  from space 47616K, 0% used [0x00000000fa300000,0x00000000fa300000,0x00000000fd180000)
  to   space 47616K, 0% used [0x00000000fd180000,0x00000000fd180000,0x0000000100000000)
 ParOldGen       total 355840K, used 288203K [0x00000000a0000000, 0x00000000b5b80000, 0x00000000e0000000)
  object space 355840K, 80% used [0x00000000a0000000,0x00000000b1972d48,0x00000000b5b80000)
 Metaspace       used 130351K, capacity 135936K, committed 136908K, reserved 1169408K
  class space    used 16238K, capacity 17359K, committed 17652K, reserved 1048576K
GC Heap History (10 events):
Event: 3069,855 GC heap after
Heap after GC invocations=95 (full 8):
 PSYoungGen      total 494592K, used 6065K [0x00000000e0000000, 0x0000000100000000, 0x0000000100000000)
  eden space 464896K, 0% used [0x00000000e0000000,0x00000000e0000000,0x00000000fc600000)
  from space 29696K, 20% used [0x00000000fc600000,0x00000000fcbec680,0x00000000fe300000)
  to   space 29696K, 0% used [0x00000000fe300000,0x00000000fe300000,0x0000000100000000)
 ParOldGen       total 355840K, used 174377K [0x00000000a0000000, 0x00000000b5b80000, 0x00000000e0000000)
  object space 355840K, 49% used [0x00000000a0000000,0x00000000aaa4a730,0x00000000b5b80000)
 Metaspace       used 129206K, capacity 134666K, committed 135756K, reserved 1167360K
  class space    used 16128K, capacity 17238K, committed 17524K, reserved 1048576K
}
Event: 3070,367 GC heap before
{Heap before GC invocations=96 (full 8):
 PSYoungGen      total 494592K, used 470961K [0x00000000e0000000, 0x0000000100000000, 0x0000000100000000)
  eden space 464896K, 100% used [0x00000000e0000000,0x00000000fc600000,0x00000000fc600000)
  from space 29696K, 20% used [0x00000000fc600000,0x00000000fcbec680,0x00000000fe300000)
  to   space 29696K, 0% used [0x00000000fe300000,0x00000000fe300000,0x0000000100000000)
 ParOldGen       total 355840K, used 174377K [0x00000000a0000000, 0x00000000b5b80000, 0x00000000e0000000)
  object space 355840K, 49% used [0x00000000a0000000,0x00000000aaa4a730,0x00000000b5b80000)
 Metaspace       used 129510K, capacity 134984K, committed 136140K, reserved 1167360K
  class space    used 16167K, capacity 17281K, committed 17652K, reserved 1048576K
Event: 3070,384 GC heap after
Heap after GC invocations=96 (full 8):
 PSYoungGen      total 492544K, used 9388K [0x00000000e0000000, 0x00000000ffe00000, 0x0000000100000000)
  eden space 464896K, 0% used [0x00000000e0000000,0x00000000e0000000,0x00000000fc600000)
  from space 27648K, 33% used [0x00000000fe300000,0x00000000fec2b140,0x00000000ffe00000)
  to   space 28672K, 0% used [0x00000000fc600000,0x00000000fc600000,0x00000000fe200000)
 ParOldGen       total 355840K, used 178509K [0x00000000a0000000, 0x00000000b5b80000, 0x00000000e0000000)
  object space 355840K, 50% used [0x00000000a0000000,0x00000000aae53760,0x00000000b5b80000)
 Metaspace       used 129510K, capacity 134984K, committed 136140K, reserved 1167360K
  class space    used 16167K, capacity 17281K, committed 17652K, reserved 1048576K
}
Event: 3071,204 GC heap before
{Heap before GC invocations=97 (full 8):
 PSYoungGen      total 492544K, used 474284K [0x00000000e0000000, 0x00000000ffe00000, 0x0000000100000000)
  eden space 464896K, 100% used [0x00000000e0000000,0x00000000fc600000,0x00000000fc600000)
  from space 27648K, 33% used [0x00000000fe300000,0x00000000fec2b140,0x00000000ffe00000)
  to   space 28672K, 0% used [0x00000000fc600000,0x00000000fc600000,0x00000000fe200000)
 ParOldGen       total 355840K, used 178509K [0x00000000a0000000, 0x00000000b5b80000, 0x00000000e0000000)
  object space 355840K, 50% used [0x00000000a0000000,0x00000000aae53760,0x00000000b5b80000)
 Metaspace       used 129877K, capacity 135466K, committed 136652K, reserved 1169408K
  class space    used 16210K, capacity 17342K, committed 17652K, reserved 1048576K
Event: 3071,228 GC heap after
Heap after GC invocations=97 (full 8):
 PSYoungGen      total 493568K, used 16753K [0x00000000e0000000, 0x0000000100000000, 0x0000000100000000)
  eden space 464896K, 0% used [0x00000000e0000000,0x00000000e0000000,0x00000000fc600000)
  from space 28672K, 58% used [0x00000000fc600000,0x00000000fd65c7c8,0x00000000fe200000)
  to   space 28672K, 0% used [0x00000000fe400000,0x00000000fe400000,0x0000000100000000)
 ParOldGen       total 355840K, used 185232K [0x00000000a0000000, 0x00000000b5b80000, 0x00000000e0000000)
  object space 355840K, 52% used [0x00000000a0000000,0x00000000ab4e4200,0x00000000b5b80000)
 Metaspace       used 129877K, capacity 135466K, committed 136652K, reserved 1169408K
  class space    used 16210K, capacity 17342K, committed 17652K, reserved 1048576K
}
Event: 3073,079 GC heap before
{Heap before GC invocations=98 (full 8):
 PSYoungGen      total 493568K, used 481649K [0x00000000e0000000, 0x0000000100000000, 0x0000000100000000)
  eden space 464896K, 100% used [0x00000000e0000000,0x00000000fc600000,0x00000000fc600000)
  from space 28672K, 58% used [0x00000000fc600000,0x00000000fd65c7c8,0x00000000fe200000)
  to   space 28672K, 0% used [0x00000000fe400000,0x00000000fe400000,0x0000000100000000)
 ParOldGen       total 355840K, used 185232K [0x00000000a0000000, 0x00000000b5b80000, 0x00000000e0000000)
  object space 355840K, 52% used [0x00000000a0000000,0x00000000ab4e4200,0x00000000b5b80000)
 Metaspace       used 130202K, capacity 135810K, committed 136908K, reserved 1169408K
  class space    used 16248K, capacity 17380K, committed 17652K, reserved 1048576K
Event: 3073,185 GC heap after
Heap after GC invocations=98 (full 8):
 PSYoungGen      total 457728K, used 28664K [0x00000000e0000000, 0x0000000100000000, 0x0000000100000000)
  eden space 429056K, 0% used [0x00000000e0000000,0x00000000e0000000,0x00000000fa300000)
  from space 28672K, 99% used [0x00000000fe400000,0x00000000ffffe350,0x0000000100000000)
  to   space 47616K, 0% used [0x00000000fa300000,0x00000000fa300000,0x00000000fd180000)
 ParOldGen       total 355840K, used 225672K [0x00000000a0000000, 0x00000000b5b80000, 0x00000000e0000000)
  object space 355840K, 63% used [0x00000000a0000000,0x00000000adc62280,0x00000000b5b80000)
 Metaspace       used 130202K, capacity 135810K, committed 136908K, reserved 1169408K
  class space    used 16248K, capacity 17380K, committed 17652K, reserved 1048576K
}
Event: 3075,496 GC heap before
{Heap before GC invocations=99 (full 8):
 PSYoungGen      total 457728K, used 457720K [0x00000000e0000000, 0x0000000100000000, 0x0000000100000000)
  eden space 429056K, 100% used [0x00000000e0000000,0x00000000fa300000,0x00000000fa300000)
  from space 28672K, 99% used [0x00000000fe400000,0x00000000ffffe350,0x0000000100000000)
  to   space 47616K, 0% used [0x00000000fa300000,0x00000000fa300000,0x00000000fd180000)
 ParOldGen       total 355840K, used 225672K [0x00000000a0000000, 0x00000000b5b80000, 0x00000000e0000000)
  object space 355840K, 63% used [0x00000000a0000000,0x00000000adc62280,0x00000000b5b80000)
 Metaspace       used 130384K, capacity 136018K, committed 136908K, reserved 1169408K
  class space    used 16250K, capacity 17380K, committed 17652K, reserved 1048576K
Event: 3075,629 GC heap after
Heap after GC invocations=99 (full 8):
 PSYoungGen      total 476672K, used 47603K [0x00000000e0000000, 0x0000000100000000, 0x0000000100000000)
  eden space 429056K, 0% used [0x00000000e0000000,0x00000000e0000000,0x00000000fa300000)
  from space 47616K, 99% used [0x00000000fa300000,0x00000000fd17cc60,0x00000000fd180000)
  to   space 47616K, 0% used [0x00000000fd180000,0x00000000fd180000,0x0000000100000000)
 ParOldGen       total 355840K, used 351580K [0x00000000a0000000, 0x00000000b5b80000, 0x00000000e0000000)
  object space 355840K, 98% used [0x00000000a0000000,0x00000000b57570d8,0x00000000b5b80000)
 Metaspace       used 130384K, capacity 136018K, committed 136908K, reserved 1169408K
  class space    used 16250K, capacity 17380K, committed 17652K, reserved 1048576K
}
Event: 3075,635 GC heap before
{Heap before GC invocations=100 (full 9):
 PSYoungGen      total 476672K, used 47603K [0x00000000e0000000, 0x0000000100000000, 0x0000000100000000)
  eden space 429056K, 0% used [0x00000000e0000000,0x00000000e0000000,0x00000000fa300000)
  from space 47616K, 99% used [0x00000000fa300000,0x00000000fd17cc60,0x00000000fd180000)
  to   space 47616K, 0% used [0x00000000fd180000,0x00000000fd180000,0x0000000100000000)
 ParOldGen       total 355840K, used 351580K [0x00000000a0000000, 0x00000000b5b80000, 0x00000000e0000000)
  object space 355840K, 98% used [0x00000000a0000000,0x00000000b57570d8,0x00000000b5b80000)
 Metaspace       used 130384K, capacity 136018K, committed 136908K, reserved 1169408K
  class space    used 16250K, capacity 17380K, committed 17652K, reserved 1048576K

